<?xml version="1.0" encoding="UTF-8" ?>
<testsuite tests="1" failures="1" name="TestSuite" time="81.521" errors="0" skipped="0">
  <properties>
[...]
</properties>
  <testcase classname="com.Sample.Test.MediwareTest" name="feature" time="81.521">
    <failure message="java.lang.IndexOutOfBoundsException: Index: 0, Size: 0" type="cucumber.runtime.CucumberException">cucumber.runtime.CucumberException: java.lang.IndexOutOfBoundsException: Index: 0, Size: 0
	at cucumber.api.testng.TestNGCucumberRunner.runCucumber(TestNGCucumberRunner.java:69)
	at cucumber.api.testng.AbstractTestNGCucumberTests.feature(AbstractTestNGCucumberTests.java:21)
	at sun.reflect.NativeMethodAccessorImpl.invoke0(Native Method)
	at sun.reflect.NativeMethodAccessorImpl.invoke(NativeMethodAccessorImpl.java:62)
	at sun.reflect.DelegatingMethodAccessorImpl.invoke(DelegatingMethodAccessorImpl.java:43)
	at java.lang.reflect.Method.invoke(Method.java:498)
	at org.testng.internal.MethodInvocationHelper.invokeMethod(MethodInvocationHelper.java:124)
	at org.testng.internal.Invoker.invokeMethod(Invoker.java:583)
	at org.testng.internal.Invoker.invokeTestMethod(Invoker.java:719)
	at org.testng.internal.Invoker.invokeTestMethods(Invoker.java:989)
	at org.testng.internal.TestMethodWorker.invokeTestMethods(TestMethodWorker.java:125)
	at org.testng.internal.TestMethodWorker.run(TestMethodWorker.java:109)
	at org.testng.TestRunner.privateRun(TestRunner.java:648)
	at org.testng.TestRunner.run(TestRunner.java:505)
	at org.testng.SuiteRunner.runTest(SuiteRunner.java:455)
	at org.testng.SuiteRunner.runSequentially(SuiteRunner.java:450)
	at org.testng.SuiteRunner.privateRun(SuiteRunner.java:415)
	at org.testng.SuiteRunner.run(SuiteRunner.java:364)
	at org.testng.SuiteRunnerWorker.runSuite(SuiteRunnerWorker.java:52)
	at org.testng.SuiteRunnerWorker.run(SuiteRunnerWorker.java:84)
	at org.testng.TestNG.runSuitesSequentially(TestNG.java:1208)
	at org.testng.TestNG.runSuitesLocally(TestNG.java:1137)
	at org.testng.TestNG.runSuites(TestNG.java:1049)
	at org.testng.TestNG.run(TestNG.java:1017)
	at org.apache.maven.surefire.testng.TestNGExecutor.run(TestNGExecutor.java:178)
	at org.apache.maven.surefire.testng.TestNGXmlTestSuite.execute(TestNGXmlTestSuite.java:92)
	at org.apache.maven.surefire.testng.TestNGProvider.invoke(TestNGProvider.java:96)
	at sun.reflect.NativeMethodAccessorImpl.invoke0(Native Method)
	at sun.reflect.NativeMethodAccessorImpl.invoke(NativeMethodAccessorImpl.java:62)
	at sun.reflect.DelegatingMethodAccessorImpl.invoke(DelegatingMethodAccessorImpl.java:43)
	at java.lang.reflect.Method.invoke(Method.java:498)
	at org.apache.maven.surefire.util.ReflectionUtils.invokeMethodWithArray(ReflectionUtils.java:189)
	at org.apache.maven.surefire.booter.ProviderFactory$ProviderProxy.invoke(ProviderFactory.java:165)
	at org.apache.maven.surefire.booter.ProviderFactory.invokeProvider(ProviderFactory.java:85)
	at org.apache.maven.surefire.booter.ForkedBooter.runSuitesInProcess(ForkedBooter.java:115)
	at org.apache.maven.surefire.booter.ForkedBooter.main(ForkedBooter.java:75)
Caused by: java.lang.IndexOutOfBoundsException: Index: 0, Size: 0
	at java.util.ArrayList.rangeCheck(ArrayList.java:657)
	at java.util.ArrayList.get(ArrayList.java:433)
	at com.framework.SeleniumBase.jexecute(SeleniumBase.java:190)
	at com.Sample.Java.Mediware.select_time(Mediware.java:91)
	at com.Sample.stepDefinition.Stepdef_Login.selects_the_available_time(Stepdef_Login.java:75)
	at ✽.And selects the available time(Feature/Login.feature:17)
Caused by: java.lang.IndexOutOfBoundsException: Index: 0, Size: 0
	at java.util.ArrayList.rangeCheck(ArrayList.java:657)
	at java.util.ArrayList.get(ArrayList.java:433)
	at com.framework.SeleniumBase.jexecute(SeleniumBase.java:190)
	at com.Sample.Java.Mediware.select_time(Mediware.java:91)
	at com.Sample.stepDefinition.Stepdef_Login.selects_the_available_time(Stepdef_Login.java:75)
	at ✽.And selects the available time(Feature/Login.feature:17)
</failure>
    <system-out>Feature: To log and take an appoinment in Mediware
logged in

  @Login
  Scenario: User is logged in              # Feature/Login.feature:5
    Given User is in the log in page       # Stepdef_Login.user_is_in_the_log_in_page()
    When user enters username and password # Stepdef_Login.user_enters_and()
    And clicks on the login button         # Stepdef_Login.clicks_on_the_login_button()
    Then the user is logged in             # Stepdef_Login.user_is_logged_in()

  @Appoinment
  Scenario: To take an appoinment                            # Feature/Login.feature:13
    When user selects the appoinment selector                # Stepdef_Login.user_selects_the_appoinment_selector()
    And the user clicks on the appoinments field             # Stepdef_Login.the_user_clicks_on_the_appoinments_field()
    And selects the available time                           # Stepdef_Login.selects_the_available_time()
      java.lang.IndexOutOfBoundsException: Index: 0, Size: 0
      	at java.util.ArrayList.rangeCheck(ArrayList.java:657)
      	at java.util.ArrayList.get(ArrayList.java:433)
      	at com.framework.SeleniumBase.jexecute(SeleniumBase.java:190)
      	at com.Sample.Java.Mediware.select_time(Mediware.java:91)
      	at com.Sample.stepDefinition.Stepdef_Login.selects_the_available_time(Stepdef_Login.java:75)
      	at ?.And selects the available time(Feature/Login.feature:17)

    Then the user is navigated to the New Appoinment section # Stepdef_Login.the_user_is_navigated_to_the_New_Appoinment_section()
    When the user search the patient id                      # Stepdef_Login.the_user_search_the_patient_id()
    And selects the patient                                  # Stepdef_Login.selects_the_patient()
    Then takes the appoinment for the patient                # Stepdef_Login.takes_the_appoinment_for_the_patient()
</system-out>
    <system-err>Starting ChromeDriver 84.0.4147.30 (48b3e868b4cc0aa7e8149519690b6f6949e110a8-refs/branch-heads/4147@{#310}) on port 23236
Only local connections are allowed.
Please see https://chromedriver.chromium.org/security-considerations for suggestions on keeping ChromeDriver safe.
ChromeDriver was started successfully.
Aug 02, 2020 6:59:28 PM org.openqa.selenium.remote.ProtocolHandshake createSession
INFO: Detected dialect: W3C
</system-err>
  </testcase>
</testsuite>