<?xml version="1.0" encoding="UTF-8"?>
<!-- Generated by org.testng.reporters.JUnitXMLReporter -->
<testsuite hostname="SEMB" ignored="0" name="Test" tests="1" failures="1" timestamp="02 Aug 2020 12:30:17 GMT" time="51.994" errors="0">
  <testcase name="feature" time="51.42" classname="cucumber.api.testng.AbstractTestNGCucumberTests">
    <failure type="cucumber.runtime.CucumberException" message="java.lang.IndexOutOfBoundsException: Index: 0, Size: 0">
      <![CDATA[cucumber.runtime.CucumberException: java.lang.IndexOutOfBoundsException: Index: 0, Size: 0
at cucumber.api.testng.TestNGCucumberRunner.runCucumber(TestNGCucumberRunner.java:69)
at cucumber.api.testng.AbstractTestNGCucumberTests.feature(AbstractTestNGCucumberTests.java:21)
Caused by: java.lang.IndexOutOfBoundsException: Index: 0, Size: 0
at java.util.ArrayList.rangeCheck(Unknown Source)
at java.util.ArrayList.get(Unknown Source)
at com.framework.SeleniumBase.jexecute(SeleniumBase.java:190)
at com.Sample.Java.Mediware.select_time(Mediware.java:91)
at com.Sample.stepDefinition.Stepdef_Login.selects_the_available_time(Stepdef_Login.java:75)
at ✽.And selects the available time(Feature/Login.feature:17)
... Removed 25 stack frames]]>
    </failure>
  </testcase> <!-- feature -->
</testsuite> <!-- Test -->
